2016-09-05 01:31:48: Error while processing your request: 400: Bad Request
2016-09-05 01:32:12: Error while processing your request: 400: Bad Request
2016-09-05 01:32:22: Error while processing your request: 400: Bad Request
2016-09-05 01:33:20: Error while processing your request: global name encryptString is not defined
2016-09-05 01:33:48: Error while processing your request: global name f is not defined
2016-09-05 01:34:06: Error while processing your request: Developer token not found. Please make sure that correct Evernote developer token is specified in [config.ini]
2016-09-05 01:34:44: Error while processing your request: Developer token not found. Please make sure that correct Evernote developer token is specified in [config.ini]
2016-09-05 01:36:31: Error while processing your request: Developer token not found. Please make sure that correct Evernote developer token is specified in [config.ini]
2016-09-05 01:36:46: Error while processing your request: Developer token not found. Please make sure that correct Evernote developer token is specified in [config.ini]
2016-09-05 01:41:16: Error while processing your request: 400: Bad Request
2016-09-05 01:42:26: Error while processing your request: 400: Bad Request
2016-09-05 01:42:54: Error while processing your request: 400: Bad Request
2016-09-05 01:43:16: Error while processing your request: 400: Bad Request
2016-09-05 01:44:11: Error while processing your request: 400: Bad Request
2016-09-05 01:44:41: Error while processing your request: 400: Bad Request
2016-09-05 01:45:16: Error while processing your request: 400: Bad Request
2016-09-05 01:46:08: Error while processing your request: 400: Bad Request
2016-09-06 00:28:25: Error while processing your request: Developer token not found. Please make sure that correct Evernote developer token is specified in [config.ini]
2016-09-06 00:29:37: Error while processing your request: Developer token not found. Please make sure that correct Evernote developer token is specified in [config.ini]
2016-09-06 00:29:51: Error while processing your request: Developer token not found. Please make sure that correct Evernote developer token is specified in [config.ini]
2016-09-06 00:29:58: Error while processing your request: Developer token not found. Please make sure that correct Evernote developer token is specified in [config.ini]
2016-09-06 00:30:05: Error while processing your request: Developer token not found. Please make sure that correct Evernote developer token is specified in [config.ini]
2016-09-06 00:30:12: Error while processing your request: Developer token not found. Please make sure that correct Evernote developer token is specified in [config.ini]
2016-09-06 00:30:48: Error while processing your request: Developer token not found. Please make sure that correct Evernote developer token is specified in [config.ini]
2016-09-06 00:31:23: Error while processing your request: Developer token not found. Please make sure that correct Evernote developer token is specified in [config.ini]
2016-09-06 00:31:42: Error while processing your request: Developer token not found. Please make sure that correct Evernote developer token is specified in [config.ini]
2016-09-06 00:32:59: Error while processing your request: Developer token not found. Please make sure that correct Evernote developer token is specified in [config.ini]
2016-09-06 00:33:48: Error while processing your request: Developer token not found. Please make sure that correct Evernote developer token is specified in [config.ini]
2016-09-06 00:37:02: Error while processing your request: EDAMUserException(errorCode=2, parameter=Note.guid)
